<?xml version="1.0" encoding="UTF-8"?>
<testsuites>
    <testsuite name="force.apex" timestamp="2019-03-05T15:15:52-05:00" hostname="https://wesli-dev-ed.my.salesforce.com" tests="28" failures="0"  errors="0"  time="2.21">
        <properties>
            <property name="outcome" value="Passed"/>
            <property name="testsRan" value="28"/>
            <property name="passing" value="28"/>
            <property name="failing" value="0"/>
            <property name="skipped" value="0"/>
            <property name="passRate" value="100%"/>
            <property name="failRate" value="0%"/>
            <property name="testStartTime" value="Mar 5, 2019 3:15 PM"/>
            <property name="testExecutionTime" value="2.21 s"/>
            <property name="testTotalTime" value="2.19 s"/>
            <property name="commandTime" value="10.41 s"/>
            <property name="hostname" value="https://wesli-dev-ed.my.salesforce.com"/>
            <property name="orgId" value="00D1U000000ybgBUAQ"/>
            <property name="username" value="matthew.rumschlag@appirio.com.wesli"/>
            <property name="testRunId" value="7071U00000V6YsS"/>
            <property name="userId" value="0051U000003HneLQAS"/>
        </properties>
        <testcase name="testChangePasswordController" classname="ChangePasswordControllerTest" time="0.01">
        </testcase>
        <testcase name="testCommunitiesLandingController" classname="CommunitiesLandingControllerTest" time="0.01">
        </testcase>
        <testcase name="testCommunitiesLoginController" classname="CommunitiesLoginControllerTest" time="0.02">
        </testcase>
        <testcase name="testCommunitiesSelfRegConfirmController" classname="CommunitiesSelfRegConfirmControllerTest" time="0.01">
        </testcase>
        <testcase name="testCommunitiesSelfRegController" classname="CommunitiesSelfRegControllerTest" time="0.05">
        </testcase>
        <testcase name="testForgotPasswordController" classname="ForgotPasswordControllerTest" time="0.03">
        </testcase>
        <testcase name="LightningForgotPasswordControllerInstantiation" classname="LightningForgotPasswordControllerTest" time="0.01">
        </testcase>
        <testcase name="testLightningForgotPasswordControllerInvalidUserName" classname="LightningForgotPasswordControllerTest" time="0">
        </testcase>
        <testcase name="testLightningForgotPasswordControllerWithNullCheckEmailRef" classname="LightningForgotPasswordControllerTest" time="0">
        </testcase>
        <testcase name="LightningLoginFormControllerInstantiation" classname="LightningLoginFormControllerTest" time="0.05">
        </testcase>
        <testcase name="testAuthConfig" classname="LightningLoginFormControllerTest" time="0.04">
        </testcase>
        <testcase name="testGetSelfRegistrationURL" classname="LightningLoginFormControllerTest" time="0.03">
        </testcase>
        <testcase name="testIsSelfRegistrationEnabled" classname="LightningLoginFormControllerTest" time="0.02">
        </testcase>
        <testcase name="testIsUsernamePasswordEnabled" classname="LightningLoginFormControllerTest" time="0.03">
        </testcase>
        <testcase name="testLoginWithInvalidCredentials" classname="LightningLoginFormControllerTest" time="0.01">
        </testcase>
        <testcase name="LightningSelfRegisterControllerInstantiation" classname="LightningSelfRegisterControllerTest" time="0.01">
        </testcase>
        <testcase name="testGetExtraFieldsInSelfRegistration" classname="LightningSelfRegisterControllerTest" time="1.38">
        </testcase>
        <testcase name="testGetNonEmptyExtraFields" classname="LightningSelfRegisterControllerTest" time="0.01">
        </testcase>
        <testcase name="testGetNullExtraFields" classname="LightningSelfRegisterControllerTest" time="0">
        </testcase>
        <testcase name="testIsValidPassword" classname="LightningSelfRegisterControllerTest" time="0.01">
        </testcase>
        <testcase name="testSelfRegisterWithCreatedAccount" classname="LightningSelfRegisterControllerTest" time="0.13">
        </testcase>
        <testcase name="testSelfRegisterWithProperCredentials" classname="LightningSelfRegisterControllerTest" time="0.01">
        </testcase>
        <testcase name="testSelfRegistration" classname="LightningSelfRegisterControllerTest" time="0.03">
        </testcase>
        <testcase name="testSiteAsContainerEnabled" classname="LightningSelfRegisterControllerTest" time="0.02">
        </testcase>
        <testcase name="testSave" classname="MyProfilePageControllerTest" time="0.19">
        </testcase>
        <testcase name="testSiteLoginController" classname="SiteLoginControllerTest" time="0.01">
        </testcase>
        <testcase name="testRegistration" classname="SiteRegisterControllerTest" time="0.02">
        </testcase>
        <testcase name="testOAuthService" classname="WESLI_OAuth_Service_Test" time="0.07">
        </testcase>
    </testsuite>
</testsuites>
